2021-06-01 13:46:45,936[INFO]: Updated "Telefon mobil Samsung Galaxy S21 Plus G996 256GB Dual SIM 5G Phantom Violet SM-G996BZVGEUE" Price from https://www.cel.ro/telefoane-mobile/telefon-mobil-samsung-galaxy-s21-pluss-g996-256gb-dual-sim-5g-phantom-violet-pMiEyNTUsNg-l/
2021-06-01 13:46:47,575[INFO]: Updated "Telefon mobil Samsung Galaxy S21+ 5G, 256GB, 8GB, Dual SIM, Phantom Silver" Price from https://www.flanco.ro/telefon-mobil-samsung-galaxy-s21-plus-5g-256gb-8gb-dual-sim-phantom-silver.html
2021-06-01 13:46:49,415[INFO]: Updated "Telefon mobil Samsung Galaxy S21 Plus, Dual SIM, 128GB, 8GB RAM, 5G, Phantom Black" Price from https://www.emag.ro/telefon-mobil-samsung-galaxy-s21-plus-dual-sim-128gb-8gb-ram-5g-phantom-black-sm-g996bzkdeue/pd/DCLGTDMBM/?X-Search-Id=b010ac0d47cce6951acc&X-Product-Id=7579454&X-Search-Page=1&X-Search-Position=1&X-Section=search&X-MB=0&X-Search-Action=view
2021-06-01 13:46:49,852[INFO]: Updated "Televizor LED 123 cm LG 49UN74003LB 4K UltraHD Smart TV Telecomanda Magica 49UN74003LB" Price from https://www.cel.ro/televizoare/televizor-led-123-cm-lg-49un74003lb-4k-ultrahd-smart-tv-telecomanda-magica-pMyY7NTYnMA-l/
2021-06-01 13:46:51,044[INFO]: Updated "Televizor Smart LED, LG 55UN74003LB, 139 cm, Ultra HD 4K" Price from https://www.flanco.ro/televizor-smart-led-lg-55un74003lb-139-cm-ultra-hd-4k.html
2021-06-01 13:46:52,668[INFO]: Updated "Televizor LG 49UN71003LB, 123 cm, Smart, 4K Ultra HD, LED, Clasa F" Price from https://www.emag.ro/televizor-lg-123-cm-smart-4k-ultra-hd-led-clasa-f-49un71003lb/pd/DHGCJMMBM/?X-Search-Id=81d2bc45f2567cc42b1e&X-Product-Id=6512388&X-Search-Page=1&X-Search-Position=0&X-Section=search&X-MB=0&X-Search-Action=view
2021-06-01 13:46:52,969[WARNING]: The parsing has failed. site: https://www.cel.ro/laptopuri-renew-~-refurbished/laptop-refurbished-lenovo-legion-y540-i5-8300h-4000mhz-16gb-ddr4-ssd-256gb-plus-hdd-1tb-geforce-gtx-1050ti-4gb-display-15-6-win-10-home-pMiU7NzMpPw-l/
2021-06-01 13:46:54,869[INFO]: Updated "Laptop Lenovo Legion 5 15ARH05, AMD Ryzen 5 4600H, 8GB DDR4, SSD 512GB, NVIDIA GeForce GTX 1650 4GB, Free DOS" Price from https://www.flanco.ro/laptop-lenovo-legion-5-15arh05-amd-ryzen-5-4600h-8gb-ddr4-ssd-512gb-nvidia-geforce-gtx-1650-4gb-free-dos.html
2021-06-01 13:46:56,324[INFO]: Updated "Laptop Gaming Lenovo Legion 5 15ARH05 cu procesor AMD Ryzen 5 4600H pana la 4.00 GHz, 15.6", Full HD, 120Hz, 8GB, 512GB SSD, NVIDIA GeForce GTX 1650 4GB, Free DOS, Phantom Black" Price from https://www.emag.ro/laptop-gaming-lenovo-legion-5-15arh05-cu-procesor-amd-ryzen-5-4600h-pana-la-4-00-ghz-15-6-full-hd-120hz-8gb-512gb-ssd-nvidia-geforce-gtx-1650-4gb-free-dos-phantom-black-82b50096rm/pd/DZZB4YMBM/?X-Search-Id=43e239fabbfac7f71cf4&X-Product-Id=6723216&X-Search-Page=1&X-Search-Position=0&X-Section=search&X-MB=0&X-Search-Action=view
2021-06-01 13:46:56,707[INFO]: Updated "Casti bluetooth Samsung Galaxy Buds Pro SM-R190N Stereo Phantom Black sm-r190nzkaeue" Price from https://www.cel.ro/casti-bluetooth/casti-bluetooth-samsung-galaxy-buds-pro-sm-r190n-stereo-phantom-black-pMiY6MTItMw-l/
2021-06-01 13:46:58,178[INFO]: Updated "Casti True Wireless Samsung Galaxy Buds Pro, ANC, Phantom Black" Price from https://www.flanco.ro/casti-true-wireless-samsung-galaxy-buds-pro-anc-phantom-black.html
2021-06-01 13:46:59,836[INFO]: Updated "Casti bluetooth Samsung Galaxy Buds Plus, Black" Price from https://www.emag.ro/casti-bluetooth-samsung-galaxy-buds-plus-black-sm-r175nzkaeub/pd/DKVS9WBBM/?X-Search-Id=906cc6b5f4d5e7e92ed9&X-Product-Id=66133781&X-Search-Page=1&X-Search-Position=0&X-Section=search&X-MB=0&X-Search-Action=view
2021-06-01 13:47:02,214[INFO]: Updated "Casti bluetooth Samsung Galaxy Buds Pro, Black" Price from https://www.emag.ro/casti-bluetooth-samsung-galaxy-buds-pro-black-sm-r190nzkaeue/pd/DGGJNDMBM/?X-Search-Id=906cc6b5f4d5e7e92ed9&X-Product-Id=68694195&X-Search-Page=1&X-Search-Position=1&X-Section=search&X-MB=0&X-Search-Action=view
2021-06-01 13:47:02,779[INFO]: Updated "Televizor Samsung 50Q60TA Smart 125cm 4K Ultra HD QLED Clasa A qe50q60ta" Price from https://www.cel.ro/televizoare/televizor-samsung-50q60ta-smart-125cm-4k-ultra-hd-qled-clasa-a-pMyoxPDwpPw-l/
2021-06-01 13:47:03,297[INFO]: Updated "Televizor LED 138 cm Samsung 55TU8502 4K Ultra HD Smart TV UE55TU8502" Price from https://www.cel.ro/televizoare/televizor-led-138-cm-samsung-55tu8502-4k-ultra-hd-smart-tv-pMyEwMzYuNA-l/
2021-06-01 13:47:03,823[INFO]: Updated "Televizor QLED 125cm Samsung 50Q60TA 4K Ultra HD Smart TV qe50q60tauxxh" Price from https://www.cel.ro/televizoare/televizor-qled-125cm-samsung-50q60ta-4k-ultra-hd-smart-tv-pMyc7NzMtNw-l/
2021-06-01 13:47:47,262[INFO]: Updated "Telefon mobil Samsung Galaxy S21 Plus G996 256GB Dual SIM 5G Phantom Violet SM-G996BZVGEUE" Price from https://www.cel.ro/telefoane-mobile/telefon-mobil-samsung-galaxy-s21-pluss-g996-256gb-dual-sim-5g-phantom-violet-pMiEyNTUsNg-l/
2021-06-01 13:47:47,838[INFO]: Updated "Telefon mobil Samsung Galaxy S21+ 5G, 256GB, 8GB, Dual SIM, Phantom Silver" Price from https://www.flanco.ro/telefon-mobil-samsung-galaxy-s21-plus-5g-256gb-8gb-dual-sim-phantom-silver.html
2021-06-01 13:47:49,661[INFO]: Updated "Telefon mobil Samsung Galaxy S21 Plus, Dual SIM, 128GB, 8GB RAM, 5G, Phantom Black" Price from https://www.emag.ro/telefon-mobil-samsung-galaxy-s21-plus-dual-sim-128gb-8gb-ram-5g-phantom-black-sm-g996bzkdeue/pd/DCLGTDMBM/?X-Search-Id=b010ac0d47cce6951acc&X-Product-Id=7579454&X-Search-Page=1&X-Search-Position=1&X-Section=search&X-MB=0&X-Search-Action=view
2021-06-01 13:47:50,167[INFO]: Updated "Televizor LED 123 cm LG 49UN74003LB 4K UltraHD Smart TV Telecomanda Magica 49UN74003LB" Price from https://www.cel.ro/televizoare/televizor-led-123-cm-lg-49un74003lb-4k-ultrahd-smart-tv-telecomanda-magica-pMyY7NTYnMA-l/
2021-06-01 13:47:50,784[INFO]: Updated "Televizor Smart LED, LG 55UN74003LB, 139 cm, Ultra HD 4K" Price from https://www.flanco.ro/televizor-smart-led-lg-55un74003lb-139-cm-ultra-hd-4k.html
2021-06-01 13:47:52,458[INFO]: Updated "Televizor LG 49UN71003LB, 123 cm, Smart, 4K Ultra HD, LED, Clasa F" Price from https://www.emag.ro/televizor-lg-123-cm-smart-4k-ultra-hd-led-clasa-f-49un71003lb/pd/DHGCJMMBM/?X-Search-Id=81d2bc45f2567cc42b1e&X-Product-Id=6512388&X-Search-Page=1&X-Search-Position=0&X-Section=search&X-MB=0&X-Search-Action=view
2021-06-01 13:47:52,656[WARNING]: The parsing has failed. site: https://www.cel.ro/laptopuri-renew-~-refurbished/laptop-refurbished-lenovo-legion-y540-i5-8300h-4000mhz-16gb-ddr4-ssd-256gb-plus-hdd-1tb-geforce-gtx-1050ti-4gb-display-15-6-win-10-home-pMiU7NzMpPw-l/
2021-06-01 13:47:53,294[INFO]: Updated "Laptop Lenovo Legion 5 15ARH05, AMD Ryzen 5 4600H, 8GB DDR4, SSD 512GB, NVIDIA GeForce GTX 1650 4GB, Free DOS" Price from https://www.flanco.ro/laptop-lenovo-legion-5-15arh05-amd-ryzen-5-4600h-8gb-ddr4-ssd-512gb-nvidia-geforce-gtx-1650-4gb-free-dos.html
2021-06-01 13:47:54,776[INFO]: Updated "Laptop Gaming Lenovo Legion 5 15ARH05 cu procesor AMD Ryzen 5 4600H pana la 4.00 GHz, 15.6", Full HD, 120Hz, 8GB, 512GB SSD, NVIDIA GeForce GTX 1650 4GB, Free DOS, Phantom Black" Price from https://www.emag.ro/laptop-gaming-lenovo-legion-5-15arh05-cu-procesor-amd-ryzen-5-4600h-pana-la-4-00-ghz-15-6-full-hd-120hz-8gb-512gb-ssd-nvidia-geforce-gtx-1650-4gb-free-dos-phantom-black-82b50096rm/pd/DZZB4YMBM/?X-Search-Id=43e239fabbfac7f71cf4&X-Product-Id=6723216&X-Search-Page=1&X-Search-Position=0&X-Section=search&X-MB=0&X-Search-Action=view
2021-06-01 13:47:55,033[INFO]: Updated "Casti bluetooth Samsung Galaxy Buds Pro SM-R190N Stereo Phantom Black sm-r190nzkaeue" Price from https://www.cel.ro/casti-bluetooth/casti-bluetooth-samsung-galaxy-buds-pro-sm-r190n-stereo-phantom-black-pMiY6MTItMw-l/
2021-06-01 13:47:55,578[INFO]: Updated "Casti True Wireless Samsung Galaxy Buds Pro, ANC, Phantom Black" Price from https://www.flanco.ro/casti-true-wireless-samsung-galaxy-buds-pro-anc-phantom-black.html
2021-06-01 13:47:57,302[INFO]: Updated "Casti bluetooth Samsung Galaxy Buds Plus, Black" Price from https://www.emag.ro/casti-bluetooth-samsung-galaxy-buds-plus-black-sm-r175nzkaeub/pd/DKVS9WBBM/?X-Search-Id=906cc6b5f4d5e7e92ed9&X-Product-Id=66133781&X-Search-Page=1&X-Search-Position=0&X-Section=search&X-MB=0&X-Search-Action=view
2021-06-01 13:47:58,979[INFO]: Updated "Casti bluetooth Samsung Galaxy Buds Pro, Black" Price from https://www.emag.ro/casti-bluetooth-samsung-galaxy-buds-pro-black-sm-r190nzkaeue/pd/DGGJNDMBM/?X-Search-Id=906cc6b5f4d5e7e92ed9&X-Product-Id=68694195&X-Search-Page=1&X-Search-Position=1&X-Section=search&X-MB=0&X-Search-Action=view
2021-06-01 13:47:59,293[INFO]: Updated "Televizor Samsung 50Q60TA Smart 125cm 4K Ultra HD QLED Clasa A qe50q60ta" Price from https://www.cel.ro/televizoare/televizor-samsung-50q60ta-smart-125cm-4k-ultra-hd-qled-clasa-a-pMyoxPDwpPw-l/
2021-06-01 13:47:59,518[INFO]: Updated "Televizor LED 138 cm Samsung 55TU8502 4K Ultra HD Smart TV UE55TU8502" Price from https://www.cel.ro/televizoare/televizor-led-138-cm-samsung-55tu8502-4k-ultra-hd-smart-tv-pMyEwMzYuNA-l/
2021-06-01 13:47:59,796[INFO]: Updated "Televizor QLED 125cm Samsung 50Q60TA 4K Ultra HD Smart TV qe50q60tauxxh" Price from https://www.cel.ro/televizoare/televizor-qled-125cm-samsung-50q60ta-4k-ultra-hd-smart-tv-pMyc7NzMtNw-l/
2021-06-01 13:52:59,877[INFO]: Starting process of get_prices
2021-06-01 13:52:59,879[INFO]: Process started
2021-06-01 13:56:50,006[INFO]: Starting process of get_prices
2021-06-01 13:56:50,008[INFO]: Process started
2021-06-01 13:57:32,462[INFO]: Starting process of get_prices
2021-06-01 13:57:32,467[INFO]: Process started
2021-06-01 14:05:56,398[INFO]: Starting process of get_prices
2021-06-01 14:05:56,400[INFO]: Process started
2021-06-01 14:42:49,007[INFO]: Starting process of get_prices
2021-06-01 14:42:49,013[INFO]: Process started
2021-06-01 14:43:24,844[INFO]: Starting process of get_prices
2021-06-01 14:43:24,846[WARNING]: Already running
2021-06-01 15:58:10,280[INFO]: Starting process of get_prices
2021-06-01 15:58:10,287[WARNING]: Already running
2021-06-01 16:00:00,974[INFO]: Starting process of get_prices
2021-06-01 16:00:00,976[WARNING]: Already running
2021-06-01 16:05:18,492[INFO]: Starting process of get_prices
2021-06-01 16:05:18,504[INFO]: Process started
2021-06-01 16:05:28,782[INFO]: Starting process of get_prices
2021-06-01 16:05:28,784[WARNING]: Already running
2021-06-01 17:19:28,393[INFO]: Starting process of get_prices
2021-06-01 17:19:28,394[WARNING]: Already running
2021-06-01 17:21:57,174[INFO]: Starting process of get_prices
2021-06-01 17:21:57,176[WARNING]: Already running
2021-06-01 17:24:01,524[INFO]: Starting process of get_prices
2021-06-01 17:24:01,526[WARNING]: Already running
2021-06-01 17:30:07,924[INFO]: Starting process of get_prices
2021-06-01 17:30:07,929[WARNING]: Already running
2021-06-01 17:50:07,649[INFO]: Updated "Telefon mobil Samsung Galaxy S21 Plus G996 256GB Dual SIM 5G Phantom Violet SM-G996BZVGEUE" Price from https://www.cel.ro/telefoane-mobile/telefon-mobil-samsung-galaxy-s21-pluss-g996-256gb-dual-sim-5g-phantom-violet-pMiEyNTUsNg-l/
2021-06-01 17:50:09,311[INFO]: Updated "Telefon mobil Samsung Galaxy S21+ 5G, 256GB, 8GB, Dual SIM, Phantom Silver" Price from https://www.flanco.ro/telefon-mobil-samsung-galaxy-s21-plus-5g-256gb-8gb-dual-sim-phantom-silver.html
2021-06-01 17:50:11,169[INFO]: Updated "Telefon mobil Samsung Galaxy S21 Plus, Dual SIM, 128GB, 8GB RAM, 5G, Phantom Black" Price from https://www.emag.ro/telefon-mobil-samsung-galaxy-s21-plus-dual-sim-128gb-8gb-ram-5g-phantom-black-sm-g996bzkdeue/pd/DCLGTDMBM/?X-Search-Id=b010ac0d47cce6951acc&X-Product-Id=7579454&X-Search-Page=1&X-Search-Position=1&X-Section=search&X-MB=0&X-Search-Action=view
2021-06-01 17:50:11,526[INFO]: Updated "Televizor LED 123 cm LG 49UN74003LB 4K UltraHD Smart TV Telecomanda Magica 49UN74003LB" Price from https://www.cel.ro/televizoare/televizor-led-123-cm-lg-49un74003lb-4k-ultrahd-smart-tv-telecomanda-magica-pMyY7NTYnMA-l/
2021-06-01 17:50:12,764[INFO]: Updated "Televizor Smart LED, LG 55UN74003LB, 139 cm, Ultra HD 4K" Price from https://www.flanco.ro/televizor-smart-led-lg-55un74003lb-139-cm-ultra-hd-4k.html
2021-06-01 17:50:14,462[INFO]: Updated "Televizor LG 49UN71003LB, 123 cm, Smart, 4K Ultra HD, LED, Clasa F" Price from https://www.emag.ro/televizor-lg-123-cm-smart-4k-ultra-hd-led-clasa-f-49un71003lb/pd/DHGCJMMBM/?X-Search-Id=81d2bc45f2567cc42b1e&X-Product-Id=6512388&X-Search-Page=1&X-Search-Position=0&X-Section=search&X-MB=0&X-Search-Action=view
2021-06-01 17:50:14,814[WARNING]: The parsing has failed. site: https://www.cel.ro/laptopuri-renew-~-refurbished/laptop-refurbished-lenovo-legion-y540-i5-8300h-4000mhz-16gb-ddr4-ssd-256gb-plus-hdd-1tb-geforce-gtx-1050ti-4gb-display-15-6-win-10-home-pMiU7NzMpPw-l/
2021-06-01 17:50:15,425[INFO]: Updated "Laptop Lenovo Legion 5 15ARH05, AMD Ryzen 5 4600H, 8GB DDR4, SSD 512GB, NVIDIA GeForce GTX 1650 4GB, Free DOS" Price from https://www.flanco.ro/laptop-lenovo-legion-5-15arh05-amd-ryzen-5-4600h-8gb-ddr4-ssd-512gb-nvidia-geforce-gtx-1650-4gb-free-dos.html
2021-06-01 17:50:17,221[INFO]: Updated "Laptop Gaming Lenovo Legion 5 15ARH05 cu procesor AMD Ryzen 5 4600H pana la 4.00 GHz, 15.6", Full HD, 120Hz, 8GB, 512GB SSD, NVIDIA GeForce GTX 1650 4GB, Free DOS, Phantom Black" Price from https://www.emag.ro/laptop-gaming-lenovo-legion-5-15arh05-cu-procesor-amd-ryzen-5-4600h-pana-la-4-00-ghz-15-6-full-hd-120hz-8gb-512gb-ssd-nvidia-geforce-gtx-1650-4gb-free-dos-phantom-black-82b50096rm/pd/DZZB4YMBM/?X-Search-Id=43e239fabbfac7f71cf4&X-Product-Id=6723216&X-Search-Page=1&X-Search-Position=0&X-Section=search&X-MB=0&X-Search-Action=view
2021-06-01 17:50:17,582[INFO]: Updated "Casti bluetooth Samsung Galaxy Buds Pro SM-R190N Stereo Phantom Black sm-r190nzkaeue" Price from https://www.cel.ro/casti-bluetooth/casti-bluetooth-samsung-galaxy-buds-pro-sm-r190n-stereo-phantom-black-pMiY6MTItMw-l/
2021-06-01 17:50:19,042[INFO]: Updated "Casti True Wireless Samsung Galaxy Buds Pro, ANC, Phantom Black" Price from https://www.flanco.ro/casti-true-wireless-samsung-galaxy-buds-pro-anc-phantom-black.html
2021-06-01 17:50:20,661[INFO]: Updated "Casti bluetooth Samsung Galaxy Buds Plus, Black" Price from https://www.emag.ro/casti-bluetooth-samsung-galaxy-buds-plus-black-sm-r175nzkaeub/pd/DKVS9WBBM/?X-Search-Id=906cc6b5f4d5e7e92ed9&X-Product-Id=66133781&X-Search-Page=1&X-Search-Position=0&X-Section=search&X-MB=0&X-Search-Action=view
2021-06-01 17:50:22,328[INFO]: Updated "Casti bluetooth Samsung Galaxy Buds Pro, Black" Price from https://www.emag.ro/casti-bluetooth-samsung-galaxy-buds-pro-black-sm-r190nzkaeue/pd/DGGJNDMBM/?X-Search-Id=906cc6b5f4d5e7e92ed9&X-Product-Id=68694195&X-Search-Page=1&X-Search-Position=1&X-Section=search&X-MB=0&X-Search-Action=view
2021-06-01 17:50:22,701[INFO]: Updated "Televizor Samsung 50Q60TA Smart 125cm 4K Ultra HD QLED Clasa A qe50q60ta" Price from https://www.cel.ro/televizoare/televizor-samsung-50q60ta-smart-125cm-4k-ultra-hd-qled-clasa-a-pMyoxPDwpPw-l/
2021-06-01 17:50:23,045[INFO]: Updated "Televizor LED 138 cm Samsung 55TU8502 4K Ultra HD Smart TV UE55TU8502" Price from https://www.cel.ro/televizoare/televizor-led-138-cm-samsung-55tu8502-4k-ultra-hd-smart-tv-pMyEwMzYuNA-l/
2021-06-01 17:50:23,474[INFO]: Updated "Televizor QLED 125cm Samsung 50Q60TA 4K Ultra HD Smart TV qe50q60tauxxh" Price from https://www.cel.ro/televizoare/televizor-qled-125cm-samsung-50q60ta-4k-ultra-hd-smart-tv-pMyc7NzMtNw-l/
2021-06-01 17:53:51,537[INFO]: Starting process of get_prices
2021-06-01 17:53:51,539[INFO]: Process started
2021-06-01 18:20:20,905[INFO]: Starting process of get_prices
2021-06-01 18:20:20,907[WARNING]: Already running
2021-06-02 14:43:35,702[INFO]: Starting process of get_prices
2021-06-02 14:43:35,703[INFO]: Process started
2021-06-02 14:46:50,817[INFO]: Updated "Telefon mobil Samsung Galaxy S21 Plus G996 256GB Dual SIM 5G Phantom Violet SM-G996BZVGEUE" Price from https://www.cel.ro/telefoane-mobile/telefon-mobil-samsung-galaxy-s21-pluss-g996-256gb-dual-sim-5g-phantom-violet-pMiEyNTUsNg-l/
2021-06-02 14:46:53,967[INFO]: Updated "Telefon mobil Samsung Galaxy S21+ 5G, 256GB, 8GB, Dual SIM, Phantom Silver" Price from https://www.flanco.ro/telefon-mobil-samsung-galaxy-s21-plus-5g-256gb-8gb-dual-sim-phantom-silver.html
2021-06-02 14:46:55,821[INFO]: Updated "Telefon mobil Samsung Galaxy S21 Plus, Dual SIM, 128GB, 8GB RAM, 5G, Phantom Black" Price from https://www.emag.ro/telefon-mobil-samsung-galaxy-s21-plus-dual-sim-128gb-8gb-ram-5g-phantom-black-sm-g996bzkdeue/pd/DCLGTDMBM/?X-Search-Id=b010ac0d47cce6951acc&X-Product-Id=7579454&X-Search-Page=1&X-Search-Position=1&X-Section=search&X-MB=0&X-Search-Action=view
2021-06-02 14:46:56,205[INFO]: Updated "Televizor LED 123 cm LG 49UN74003LB 4K UltraHD Smart TV Telecomanda Magica 49UN74003LB" Price from https://www.cel.ro/televizoare/televizor-led-123-cm-lg-49un74003lb-4k-ultrahd-smart-tv-telecomanda-magica-pMyY7NTYnMA-l/
2021-06-02 14:46:57,655[INFO]: Updated "Televizor Smart LED, LG 55UN74003LB, 139 cm, Ultra HD 4K" Price from https://www.flanco.ro/televizor-smart-led-lg-55un74003lb-139-cm-ultra-hd-4k.html
2021-06-02 14:46:59,314[INFO]: Updated "Televizor LG 49UN71003LB, 123 cm, Smart, 4K Ultra HD, LED, Clasa F" Price from https://www.emag.ro/televizor-lg-123-cm-smart-4k-ultra-hd-led-clasa-f-49un71003lb/pd/DHGCJMMBM/?X-Search-Id=81d2bc45f2567cc42b1e&X-Product-Id=6512388&X-Search-Page=1&X-Search-Position=0&X-Section=search&X-MB=0&X-Search-Action=view
2021-06-02 14:46:59,631[WARNING]: The parsing has failed. site: https://www.cel.ro/laptopuri-renew-~-refurbished/laptop-refurbished-lenovo-legion-y540-i5-8300h-4000mhz-16gb-ddr4-ssd-256gb-plus-hdd-1tb-geforce-gtx-1050ti-4gb-display-15-6-win-10-home-pMiU7NzMpPw-l/
2021-06-02 14:47:01,496[INFO]: Updated "Laptop Lenovo Legion 5 15ARH05, AMD Ryzen 5 4600H, 8GB DDR4, SSD 512GB, NVIDIA GeForce GTX 1650 4GB, Free DOS" Price from https://www.flanco.ro/laptop-lenovo-legion-5-15arh05-amd-ryzen-5-4600h-8gb-ddr4-ssd-512gb-nvidia-geforce-gtx-1650-4gb-free-dos.html
2021-06-02 14:47:03,060[INFO]: Updated "Laptop Gaming Lenovo Legion 5 15ARH05 cu procesor AMD Ryzen 5 4600H pana la 4.00 GHz, 15.6", Full HD, 120Hz, 8GB, 512GB SSD, NVIDIA GeForce GTX 1650 4GB, Free DOS, Phantom Black" Price from https://www.emag.ro/laptop-gaming-lenovo-legion-5-15arh05-cu-procesor-amd-ryzen-5-4600h-pana-la-4-00-ghz-15-6-full-hd-120hz-8gb-512gb-ssd-nvidia-geforce-gtx-1650-4gb-free-dos-phantom-black-82b50096rm/pd/DZZB4YMBM/?X-Search-Id=43e239fabbfac7f71cf4&X-Product-Id=6723216&X-Search-Page=1&X-Search-Position=0&X-Section=search&X-MB=0&X-Search-Action=view
2021-06-02 14:47:03,453[INFO]: Updated "Casti bluetooth Samsung Galaxy Buds Pro SM-R190N Stereo Phantom Black sm-r190nzkaeue" Price from https://www.cel.ro/casti-bluetooth/casti-bluetooth-samsung-galaxy-buds-pro-sm-r190n-stereo-phantom-black-pMiY6MTItMw-l/
2021-06-02 14:47:05,026[INFO]: Updated "Casti True Wireless Samsung Galaxy Buds Pro, ANC, Phantom Black" Price from https://www.flanco.ro/casti-true-wireless-samsung-galaxy-buds-pro-anc-phantom-black.html
2021-06-02 14:47:06,662[INFO]: Updated "Casti bluetooth Samsung Galaxy Buds Plus, Black" Price from https://www.emag.ro/casti-bluetooth-samsung-galaxy-buds-plus-black-sm-r175nzkaeub/pd/DKVS9WBBM/?X-Search-Id=906cc6b5f4d5e7e92ed9&X-Product-Id=66133781&X-Search-Page=1&X-Search-Position=0&X-Section=search&X-MB=0&X-Search-Action=view
2021-06-02 14:47:08,749[INFO]: Updated "Casti bluetooth Samsung Galaxy Buds Pro, Black" Price from https://www.emag.ro/casti-bluetooth-samsung-galaxy-buds-pro-black-sm-r190nzkaeue/pd/DGGJNDMBM/?X-Search-Id=906cc6b5f4d5e7e92ed9&X-Product-Id=68694195&X-Search-Page=1&X-Search-Position=1&X-Section=search&X-MB=0&X-Search-Action=view
2021-06-02 14:47:09,309[INFO]: Updated "Televizor Samsung 50Q60TA Smart 125cm 4K Ultra HD QLED Clasa A qe50q60ta" Price from https://www.cel.ro/televizoare/televizor-samsung-50q60ta-smart-125cm-4k-ultra-hd-qled-clasa-a-pMyoxPDwpPw-l/
2021-06-02 14:47:09,690[INFO]: Updated "Televizor LED 138 cm Samsung 55TU8502 4K Ultra HD Smart TV UE55TU8502" Price from https://www.cel.ro/televizoare/televizor-led-138-cm-samsung-55tu8502-4k-ultra-hd-smart-tv-pMyEwMzYuNA-l/
2021-06-02 14:47:10,415[INFO]: Updated "Televizor QLED 125cm Samsung 50Q60TA 4K Ultra HD Smart TV qe50q60tauxxh" Price from https://www.cel.ro/televizoare/televizor-qled-125cm-samsung-50q60ta-4k-ultra-hd-smart-tv-pMyc7NzMtNw-l/
2021-06-02 14:47:10,958[INFO]: Updated "atlas de anatomie a omului ed.7 - frank h. netter 978-606-8043-48-7" Price from https://www.cel.ro/carti/atlas-de-anatomie-a-omului-ed-7-frank-h-netter-pMiAxMDwoMQ-l/
2021-06-02 14:47:12,250[INFO]: Updated "Atlas of Human Anatomy - editia 7- Frank H. Netter" Price from https://www.emag.ro/atlas-of-human-anatomy-editia-7-frank-h-netter-978-0-323-39322-5/pd/DC8RJ5BBM/?X-Search-Id=fc7c1097fa7d7f6948c8&X-Product-Id=63826814&X-Search-Page=1&X-Search-Position=0&X-Section=search&X-MB=0&X-Search-Action=view
2021-06-02 14:47:12,680[INFO]: Updated "Incarcator Samsung TA20 Type C 2A AFC Fast Charge Negru ep-ta20ebecgww" Price from https://www.cel.ro/incarcatoare-telefoane/incarcator-samsung-ta20-type-c-2a-afc-fast-charge-negru-pNSY3MjYv-l/
2021-06-02 14:47:13,978[INFO]: Updated "Incarcator SAMSUNG rapid 5V 2A - pentru S8 S8 Plus S9 + cablu 1M Type-C USB C Negru" Price from https://www.emag.ro/incarcator-samsung-rapid-5v-2a-pentru-s8-s8-plus-s9-cablu-1m-type-c-usb-c-negru-sa5v2ab/pd/DS90KYMBM/?X-Search-Id=1846535f458a9e8e493e&X-Product-Id=70317168&X-Search-Page=1&X-Search-Position=0&X-Section=search&X-MB=0&X-Search-Action=view
2021-06-02 14:52:06,979[INFO]: Starting process of get_prices
2021-06-02 14:52:06,981[INFO]: Process started
2021-06-02 15:40:55,193[INFO]: Starting process of get_prices
2021-06-02 15:40:55,194[INFO]: Process started
2021-06-02 16:30:57,402[INFO]: get_prices.py is running
2021-06-03 12:52:09,533[INFO]: Starting process of get_prices
2021-06-03 12:52:09,535[INFO]: Process started
2021-06-03 12:56:15,830[INFO]: Updated "Telefon mobil Samsung Galaxy S21 Plus G996 256GB Dual SIM 5G Phantom Violet SM-G996BZVGEUE" Price from https://www.cel.ro/telefoane-mobile/telefon-mobil-samsung-galaxy-s21-pluss-g996-256gb-dual-sim-5g-phantom-violet-pMiEyNTUsNg-l/
2021-06-03 12:56:17,320[INFO]: Updated "Telefon mobil Samsung Galaxy S21+ 5G, 256GB, 8GB, Dual SIM, Phantom Silver" Price from https://www.flanco.ro/telefon-mobil-samsung-galaxy-s21-plus-5g-256gb-8gb-dual-sim-phantom-silver.html
2021-06-03 12:56:19,165[INFO]: Updated "Telefon mobil Samsung Galaxy S21 Plus, Dual SIM, 128GB, 8GB RAM, 5G, Phantom Black" Price from https://www.emag.ro/telefon-mobil-samsung-galaxy-s21-plus-dual-sim-128gb-8gb-ram-5g-phantom-black-sm-g996bzkdeue/pd/DCLGTDMBM/?X-Search-Id=b010ac0d47cce6951acc&X-Product-Id=7579454&X-Search-Page=1&X-Search-Position=1&X-Section=search&X-MB=0&X-Search-Action=view
2021-06-03 12:56:19,551[INFO]: Updated "Televizor LED 123 cm LG 49UN74003LB 4K UltraHD Smart TV Telecomanda Magica 49UN74003LB" Price from https://www.cel.ro/televizoare/televizor-led-123-cm-lg-49un74003lb-4k-ultrahd-smart-tv-telecomanda-magica-pMyY7NTYnMA-l/
2021-06-03 12:56:20,825[INFO]: Updated "Televizor Smart LED, LG 55UN74003LB, 139 cm, Ultra HD 4K" Price from https://www.flanco.ro/televizor-smart-led-lg-55un74003lb-139-cm-ultra-hd-4k.html
2021-06-03 12:56:22,388[INFO]: Updated "Televizor LG 49UN71003LB, 123 cm, Smart, 4K Ultra HD, LED, Clasa F" Price from https://www.emag.ro/televizor-lg-123-cm-smart-4k-ultra-hd-led-clasa-f-49un71003lb/pd/DHGCJMMBM/?X-Search-Id=81d2bc45f2567cc42b1e&X-Product-Id=6512388&X-Search-Page=1&X-Search-Position=0&X-Section=search&X-MB=0&X-Search-Action=view
2021-06-03 12:56:22,695[WARNING]: The parsing has failed. site: https://www.cel.ro/laptopuri-renew-~-refurbished/laptop-refurbished-lenovo-legion-y540-i5-8300h-4000mhz-16gb-ddr4-ssd-256gb-plus-hdd-1tb-geforce-gtx-1050ti-4gb-display-15-6-win-10-home-pMiU7NzMpPw-l/
2021-06-03 12:56:24,366[INFO]: Updated "Laptop Lenovo Legion 5 15ARH05, AMD Ryzen 5 4600H, 8GB DDR4, SSD 512GB, NVIDIA GeForce GTX 1650 4GB, Free DOS" Price from https://www.flanco.ro/laptop-lenovo-legion-5-15arh05-amd-ryzen-5-4600h-8gb-ddr4-ssd-512gb-nvidia-geforce-gtx-1650-4gb-free-dos.html
2021-06-03 12:56:25,908[INFO]: Updated "Laptop Gaming Lenovo Legion 5 15ARH05 cu procesor AMD Ryzen 5 4600H pana la 4.00 GHz, 15.6", Full HD, 120Hz, 8GB, 512GB SSD, NVIDIA GeForce GTX 1650 4GB, Free DOS, Phantom Black" Price from https://www.emag.ro/laptop-gaming-lenovo-legion-5-15arh05-cu-procesor-amd-ryzen-5-4600h-pana-la-4-00-ghz-15-6-full-hd-120hz-8gb-512gb-ssd-nvidia-geforce-gtx-1650-4gb-free-dos-phantom-black-82b50096rm/pd/DZZB4YMBM/?X-Search-Id=43e239fabbfac7f71cf4&X-Product-Id=6723216&X-Search-Page=1&X-Search-Position=0&X-Section=search&X-MB=0&X-Search-Action=view
2021-06-03 12:56:26,291[INFO]: Updated "Casti bluetooth Samsung Galaxy Buds Pro SM-R190N Stereo Phantom Black sm-r190nzkaeue" Price from https://www.cel.ro/casti-bluetooth/casti-bluetooth-samsung-galaxy-buds-pro-sm-r190n-stereo-phantom-black-pMiY6MTItMw-l/
2021-06-03 12:56:27,762[INFO]: Updated "Casti True Wireless Samsung Galaxy Buds Pro, ANC, Phantom Black" Price from https://www.flanco.ro/casti-true-wireless-samsung-galaxy-buds-pro-anc-phantom-black.html
2021-06-03 12:56:29,534[INFO]: Updated "Casti bluetooth Samsung Galaxy Buds Plus, Black" Price from https://www.emag.ro/casti-bluetooth-samsung-galaxy-buds-plus-black-sm-r175nzkaeub/pd/DKVS9WBBM/?X-Search-Id=906cc6b5f4d5e7e92ed9&X-Product-Id=66133781&X-Search-Page=1&X-Search-Position=0&X-Section=search&X-MB=0&X-Search-Action=view
2021-06-03 12:56:31,279[INFO]: Updated "Casti bluetooth Samsung Galaxy Buds Pro, Black" Price from https://www.emag.ro/casti-bluetooth-samsung-galaxy-buds-pro-black-sm-r190nzkaeue/pd/DGGJNDMBM/?X-Search-Id=906cc6b5f4d5e7e92ed9&X-Product-Id=68694195&X-Search-Page=1&X-Search-Position=1&X-Section=search&X-MB=0&X-Search-Action=view
2021-06-03 12:56:31,654[INFO]: Updated "Televizor Samsung 50Q60TA Smart 125cm 4K Ultra HD QLED Clasa A qe50q60ta" Price from https://www.cel.ro/televizoare/televizor-samsung-50q60ta-smart-125cm-4k-ultra-hd-qled-clasa-a-pMyoxPDwpPw-l/
2021-06-03 12:56:31,985[INFO]: Updated "Televizor LED 138 cm Samsung 55TU8502 4K Ultra HD Smart TV UE55TU8502" Price from https://www.cel.ro/televizoare/televizor-led-138-cm-samsung-55tu8502-4k-ultra-hd-smart-tv-pMyEwMzYuNA-l/
2021-06-03 12:56:32,429[INFO]: Updated "Televizor QLED 125cm Samsung 50Q60TA 4K Ultra HD Smart TV qe50q60tauxxh" Price from https://www.cel.ro/televizoare/televizor-qled-125cm-samsung-50q60ta-4k-ultra-hd-smart-tv-pMyc7NzMtNw-l/
2021-06-03 12:56:32,731[INFO]: Updated "atlas de anatomie a omului ed.7 - frank h. netter 978-606-8043-48-7" Price from https://www.cel.ro/carti/atlas-de-anatomie-a-omului-ed-7-frank-h-netter-pMiAxMDwoMQ-l/
2021-06-03 12:56:34,192[INFO]: Updated "Atlas of Human Anatomy - editia 7- Frank H. Netter" Price from https://www.emag.ro/atlas-of-human-anatomy-editia-7-frank-h-netter-978-0-323-39322-5/pd/DC8RJ5BBM/?X-Search-Id=fc7c1097fa7d7f6948c8&X-Product-Id=63826814&X-Search-Page=1&X-Search-Position=0&X-Section=search&X-MB=0&X-Search-Action=view
2021-06-03 12:56:34,507[INFO]: Updated "Incarcator Samsung TA20 Type C 2A AFC Fast Charge Negru ep-ta20ebecgww" Price from https://www.cel.ro/incarcatoare-telefoane/incarcator-samsung-ta20-type-c-2a-afc-fast-charge-negru-pNSY3MjYv-l/
2021-06-03 12:56:35,742[INFO]: Updated "Incarcator SAMSUNG rapid 5V 2A - pentru S8 S8 Plus S9 + cablu 1M Type-C USB C Negru" Price from https://www.emag.ro/incarcator-samsung-rapid-5v-2a-pentru-s8-s8-plus-s9-cablu-1m-type-c-usb-c-negru-sa5v2ab/pd/DS90KYMBM/?X-Search-Id=1846535f458a9e8e493e&X-Product-Id=70317168&X-Search-Page=1&X-Search-Position=0&X-Section=search&X-MB=0&X-Search-Action=view
2021-06-03 12:57:32,435[INFO]: Starting process of get_prices
2021-06-03 12:57:32,436[INFO]: Process started
2021-06-03 13:47:10,433[INFO]: Starting process of get_prices
2021-06-03 13:47:10,435[INFO]: Process started
2021-06-03 13:51:43,041[INFO]: Starting process of get_prices
2021-06-03 13:51:43,043[INFO]: Process started
2021-06-03 13:57:21,454[INFO]: Starting process of get_prices
2021-06-03 13:57:21,457[INFO]: Process started
2021-06-03 14:15:51,222[INFO]: Starting process of get_prices
2021-06-03 14:15:51,225[WARNING]: Already running
2021-06-03 14:15:58,981[INFO]: Starting process of get_prices
2021-06-03 14:15:58,983[WARNING]: Already running
2021-06-03 14:25:39,791[INFO]: Starting process of get_prices
2021-06-03 14:25:39,794[INFO]: Process started
2021-06-03 14:36:00,381[INFO]: Starting process of get_prices
2021-06-03 14:36:00,383[INFO]: Process started
2021-06-03 14:37:11,985[INFO]: Starting process of get_prices
2021-06-03 14:37:11,988[INFO]: Process started
